<?xml version="1.0" encoding="UTF-8"?>
<testsuite name="ejercicioExtra.BecaEstudioTest" tests="4" skipped="0" failures="0" errors="0" timestamp="2022-02-22T12:44:52" hostname="DESKTOP-2T6TAJ9" time="0.04">
  <properties/>
  <testcase name="verifyBecaMayor90()" classname="ejercicioExtra.BecaEstudioTest" time="0.03"/>
  <testcase name="verifyBecaMenor90()" classname="ejercicioExtra.BecaEstudioTest" time="0.002"/>
  <testcase name="verifygetNotaFalse()" classname="ejercicioExtra.BecaEstudioTest" time="0.001"/>
  <testcase name="verifyBecaNotaAplazo()" classname="ejercicioExtra.BecaEstudioTest" time="0.003"/>
  <system-out><![CDATA[]]></system-out>
  <system-err><![CDATA[]]></system-err>
</testsuite>
