<?xml version="1.0" encoding="UTF-8"?>
<testsuite name="ejercicioExtra.BecaEstudioTest" tests="1" skipped="0" failures="0" errors="0" timestamp="2022-02-22T12:28:29" hostname="DESKTOP-2T6TAJ9" time="0.057">
  <properties/>
  <testcase name="verifygetNotaFalse()" classname="ejercicioExtra.BecaEstudioTest" time="0.057"/>
  <system-out><![CDATA[]]></system-out>
  <system-err><![CDATA[]]></system-err>
</testsuite>
